[debug] [2021-03-05T19:28:30.416Z] ----------------------------------------------------------------------
[debug] [2021-03-05T19:28:30.419Z] Command:       C:\Program Files\nodejs\node.exe C:\Program Files\nodejs\node_modules\firebase-tools\lib\bin\firebase.js init hosting:github
[debug] [2021-03-05T19:28:30.420Z] CLI Version:   9.5.0
[debug] [2021-03-05T19:28:30.420Z] Platform:      win32
[debug] [2021-03-05T19:28:30.420Z] Node Version:  v14.15.5
[debug] [2021-03-05T19:28:30.421Z] Time:          Fri Mar 05 2021 14:28:30 GMT-0500 (Eastern Standard Time)
[debug] [2021-03-05T19:28:30.422Z] ----------------------------------------------------------------------
[debug] [2021-03-05T19:28:30.422Z] 
[debug] [2021-03-05T19:28:30.430Z] > command requires scopes: ["email","openid","https://www.googleapis.com/auth/cloudplatformprojects.readonly","https://www.googleapis.com/auth/firebase","https://www.googleapis.com/auth/cloud-platform"]
[debug] [2021-03-05T19:28:30.431Z] > authorizing via signed-in user
[info] 
     ######## #### ########  ######## ########     ###     ######  ########
     ##        ##  ##     ## ##       ##     ##  ##   ##  ##       ##
     ######    ##  ########  ######   ########  #########  ######  ######
     ##        ##  ##    ##  ##       ##     ## ##     ##       ## ##
     ##       #### ##     ## ######## ########  ##     ##  ######  ########

You're about to initialize a Firebase project in this directory:

  C:\Users\Angus\dv\cityquestweb

Before we get started, keep in mind:

  * You are initializing in an existing Firebase project directory

[info] 
=== Project Setup
[info] 
[info] First, let's associate this project directory with a Firebase project.
[info] You can create multiple project aliases by running firebase use --add, 
[info] but for now we'll just set up a default project.
[info] 
[info] i  .firebaserc already has a default project, using city-quest. 
[debug] [2021-03-05T19:28:32.324Z] >>> [apiv2][query] GET https://firebase.googleapis.com/v1beta1/projects/city-quest [none]
[debug] [2021-03-05T19:28:32.625Z] <<< [apiv2][status] GET https://firebase.googleapis.com/v1beta1/projects/city-quest 403
[debug] [2021-03-05T19:28:32.626Z] <<< [apiv2][body] GET https://firebase.googleapis.com/v1beta1/projects/city-quest {"error":{"code":403,"message":"The caller does not have permission","status":"PERMISSION_DENIED"}}
[debug] [2021-03-05T19:28:32.626Z] HTTP Error: 403, The caller does not have permission
[debug] [2021-03-05T19:28:32.740Z] FirebaseError: HTTP Error: 403, The caller does not have permission
    at module.exports (C:\Users\Angus\AppData\Roaming\nvm\v14.15.5\node_modules\firebase-tools\lib\responseToError.js:38:12)
    at Client.doRequest (C:\Users\Angus\AppData\Roaming\nvm\v14.15.5\node_modules\firebase-tools\lib\apiv2.js:238:23)
    at processTicksAndRejections (internal/process/task_queues.js:93:5)
    at async Client.request (C:\Users\Angus\AppData\Roaming\nvm\v14.15.5\node_modules\firebase-tools\lib\apiv2.js:96:20)
    at async Object.getFirebaseProject (C:\Users\Angus\AppData\Roaming\nvm\v14.15.5\node_modules\firebase-tools\lib\management\projects.js:289:21)
    at async Object.doSetup [as project] (C:\Users\Angus\AppData\Roaming\nvm\v14.15.5\node_modules\firebase-tools\lib\init\features\project.js:77:27)
    at async init (C:\Users\Angus\AppData\Roaming\nvm\v14.15.5\node_modules\firebase-tools\lib\init\index.js:19:9)
[error] 
[error] Error: Failed to get Firebase project city-quest. Please make sure the project exists and your account has permission to access it.
[debug] [2021-03-05T19:28:43.373Z] ----------------------------------------------------------------------
[debug] [2021-03-05T19:28:43.376Z] Command:       C:\Program Files\nodejs\node.exe C:\Program Files\nodejs\node_modules\firebase-tools\lib\bin\firebase.js deploy
[debug] [2021-03-05T19:28:43.377Z] CLI Version:   9.5.0
[debug] [2021-03-05T19:28:43.377Z] Platform:      win32
[debug] [2021-03-05T19:28:43.377Z] Node Version:  v14.15.5
[debug] [2021-03-05T19:28:43.378Z] Time:          Fri Mar 05 2021 14:28:43 GMT-0500 (Eastern Standard Time)
[debug] [2021-03-05T19:28:43.379Z] ----------------------------------------------------------------------
[debug] [2021-03-05T19:28:43.379Z] 
[debug] [2021-03-05T19:28:43.389Z] > command requires scopes: ["email","openid","https://www.googleapis.com/auth/cloudplatformprojects.readonly","https://www.googleapis.com/auth/firebase","https://www.googleapis.com/auth/cloud-platform"]
[debug] [2021-03-05T19:28:43.390Z] > authorizing via signed-in user
[debug] [2021-03-05T19:28:43.390Z] [iam] checking project cqstaging for permissions ["datastore.indexes.create","datastore.indexes.delete","datastore.indexes.list","datastore.indexes.update","firebase.projects.get","firebasehosting.sites.update","firebaserules.releases.create","firebaserules.releases.update","firebaserules.rulesets.create"]
[debug] [2021-03-05T19:28:43.393Z] > refreshing access token with scopes: ["email","https://www.googleapis.com/auth/cloud-platform","https://www.googleapis.com/auth/cloudplatformprojects.readonly","https://www.googleapis.com/auth/firebase","openid"]
[debug] [2021-03-05T19:28:43.394Z] >>> HTTP REQUEST POST https://www.googleapis.com/oauth2/v3/token  
 <request body omitted>
[debug] [2021-03-05T19:28:43.591Z] <<< HTTP RESPONSE 200 {"pragma":"no-cache","expires":"Mon, 01 Jan 1990 00:00:00 GMT","cache-control":"no-cache, no-store, max-age=0, must-revalidate","date":"Fri, 05 Mar 2021 19:28:42 GMT","content-type":"application/json; charset=utf-8","vary":"X-Origin, Referer, Origin,Accept-Encoding","server":"scaffolding on HTTPServer2","x-xss-protection":"0","x-frame-options":"SAMEORIGIN","x-content-type-options":"nosniff","alt-svc":"h3-29=\":443\"; ma=2592000,h3-T051=\":443\"; ma=2592000,h3-Q050=\":443\"; ma=2592000,h3-Q046=\":443\"; ma=2592000,h3-Q043=\":443\"; ma=2592000,quic=\":443\"; ma=2592000; v=\"46,43\"","accept-ranges":"none","transfer-encoding":"chunked"}
[debug] [2021-03-05T19:28:43.606Z] >>> HTTP REQUEST POST https://cloudresourcemanager.googleapis.com/v1/projects/cqstaging:testIamPermissions  
 {"permissions":["datastore.indexes.create","datastore.indexes.delete","datastore.indexes.list","datastore.indexes.update","firebase.projects.get","firebasehosting.sites.update","firebaserules.releases.create","firebaserules.releases.update","firebaserules.rulesets.create"]}
[debug] [2021-03-05T19:28:44.008Z] <<< HTTP RESPONSE 200 {"content-type":"application/json; charset=UTF-8","vary":"X-Origin, Referer, Origin,Accept-Encoding","date":"Fri, 05 Mar 2021 19:28:42 GMT","server":"ESF","cache-control":"private","x-xss-protection":"0","x-frame-options":"SAMEORIGIN","x-content-type-options":"nosniff","server-timing":"gfet4t7; dur=300","alt-svc":"h3-29=\":443\"; ma=2592000,h3-T051=\":443\"; ma=2592000,h3-Q050=\":443\"; ma=2592000,h3-Q046=\":443\"; ma=2592000,h3-Q043=\":443\"; ma=2592000,quic=\":443\"; ma=2592000; v=\"46,43\"","accept-ranges":"none","transfer-encoding":"chunked"}
[debug] [2021-03-05T19:28:44.010Z] [iam] error while checking permissions, command may fail: FirebaseError: Authorization failed. This account is missing the following required permissions on project cqstaging:

  datastore.indexes.create
  datastore.indexes.delete
  datastore.indexes.list
  datastore.indexes.update
  firebase.projects.get
  firebasehosting.sites.update
  firebaserules.releases.create
  firebaserules.releases.update
  firebaserules.rulesets.create
[debug] [2021-03-05T19:28:44.011Z] > refreshing access token with scopes: []
[debug] [2021-03-05T19:28:44.011Z] >>> HTTP REQUEST POST https://www.googleapis.com/oauth2/v3/token  
 <request body omitted>
[debug] [2021-03-05T19:28:44.154Z] <<< HTTP RESPONSE 200 {"cache-control":"no-cache, no-store, max-age=0, must-revalidate","pragma":"no-cache","expires":"Mon, 01 Jan 1990 00:00:00 GMT","date":"Fri, 05 Mar 2021 19:28:42 GMT","content-type":"application/json; charset=utf-8","vary":"X-Origin, Referer, Origin,Accept-Encoding","server":"scaffolding on HTTPServer2","x-xss-protection":"0","x-frame-options":"SAMEORIGIN","x-content-type-options":"nosniff","alt-svc":"h3-29=\":443\"; ma=2592000,h3-T051=\":443\"; ma=2592000,h3-Q050=\":443\"; ma=2592000,h3-Q046=\":443\"; ma=2592000,h3-Q043=\":443\"; ma=2592000,quic=\":443\"; ma=2592000; v=\"46,43\"","accept-ranges":"none","transfer-encoding":"chunked"}
[debug] [2021-03-05T19:28:44.169Z] >>> [apiv2][query] GET https://firebase.googleapis.com/v1beta1/projects/cqstaging [none]
[debug] [2021-03-05T19:28:44.432Z] <<< [apiv2][status] GET https://firebase.googleapis.com/v1beta1/projects/cqstaging 403
[debug] [2021-03-05T19:28:44.432Z] <<< [apiv2][body] GET https://firebase.googleapis.com/v1beta1/projects/cqstaging {"error":{"code":403,"message":"The caller does not have permission","status":"PERMISSION_DENIED"}}
[debug] [2021-03-05T19:28:44.433Z] HTTP Error: 403, The caller does not have permission
[debug] [2021-03-05T19:28:44.543Z] FirebaseError: HTTP Error: 403, The caller does not have permission
    at module.exports (C:\Users\Angus\AppData\Roaming\nvm\v14.15.5\node_modules\firebase-tools\lib\responseToError.js:38:12)
    at Client.doRequest (C:\Users\Angus\AppData\Roaming\nvm\v14.15.5\node_modules\firebase-tools\lib\apiv2.js:238:23)
    at processTicksAndRejections (internal/process/task_queues.js:93:5)
    at async Client.request (C:\Users\Angus\AppData\Roaming\nvm\v14.15.5\node_modules\firebase-tools\lib\apiv2.js:96:20)
    at async Object.getFirebaseProject (C:\Users\Angus\AppData\Roaming\nvm\v14.15.5\node_modules\firebase-tools\lib\management\projects.js:289:21)
    at async Object.getDefaultHostingSite (C:\Users\Angus\AppData\Roaming\nvm\v14.15.5\node_modules\firebase-tools\lib\getDefaultHostingSite.js:8:21)
    at async requireHostingSite (C:\Users\Angus\AppData\Roaming\nvm\v14.15.5\node_modules\firebase-tools\lib\requireHostingSite.js:9:18)
    at async Object.fn (C:\Users\Angus\AppData\Roaming\nvm\v14.15.5\node_modules\firebase-tools\lib\commands\deploy.js:66:9)
    at async C:\Users\Angus\AppData\Roaming\nvm\v14.15.5\node_modules\firebase-tools\lib\command.js:161:17
[error] 
[error] Error: Failed to get Firebase project cqstaging. Please make sure the project exists and your account has permission to access it.
